R ./a.out a.out
R ./read.cpp.orig read.cpp.orig
R ./read.cpp read.cpp
R ./init.cpp init.cpp
R ./changes.patch changes.patch
D ./b b
R ./b/mmmm mmmm
D ./b/mm mm
R ./b/mm/c c
R ./b/mmm mmm
R ./3.txt 3.txt
R ./add.cpp add.cpp
D ./.frcs .frcs
R ./f.txt f.txt
R ./cla.cpp cla.cpp
R ./2.txt 2.txt
R ./a a
R ./1.txt 1.txt
R ./x.cpp x.cpp
R ./add.cpp.orig add.cpp.orig
R ./md5_sample md5_sample
R ./c.patch c.patch
R ./f.cpp f.cpp
R ./g.txt g.txt
R ./c.cpp c.cpp
R ./a.out a.out
R ./read.cpp.orig read.cpp.orig
R ./read.cpp read.cpp
R ./init.cpp init.cpp
R ./changes.patch changes.patch
D ./b b
R ./b/mmmm mmmm
D ./b/mm mm
R ./b/mm/c c
R ./b/mmm mmm
R ./3.txt 3.txt
R ./add.cpp add.cpp
D ./.frcs .frcs
R ./f.txt f.txt
R ./cla.cpp cla.cpp
R ./2.txt 2.txt
R ./a a
R ./1.txt 1.txt
R ./x.cpp x.cpp
R ./add.cpp.orig add.cpp.orig
R ./md5_sample md5_sample
R ./c.patch c.patch
R ./f.cpp f.cpp
R ./g.txt g.txt
R ./c.cpp c.cpp
R ./.mmmm .mmmm
R ./a.out a.out
R ./rread.cpp.orig rread.cpp.orig
R ./read.cpp.orig read.cpp.orig
R ./dchanges.patch dchanges.patch
R ./a.outcla.cpp a.outcla.cpp
R ./read.cpp read.cpp
R ./init.cpp init.cpp
R ./changes.patch changes.patch
D ./b b
R ./b/mmmm mmmm
D ./b/mm mm
R ./b/mm/c c
R ./b/mmm mmm
R ./ush() on end recursive_directory_iteratorc.cpp ush() on end recursive_directory_iteratorc.cpp
R ./.out2.txt .out2.txt
R ./3.txt 3.txt
R ./add.cpp add.cpp
D ./.frcs .frcs
R ./csadd.cpp csadd.cpp
R ./push() on end recursive_directory_iteratorg.txt push() on end recursive_directory_iteratorg.txt
R ./ut1.txt ut1.txt
R ./_push() on end recursive_directory_iteratorf.cpp _push() on end recursive_directory_iteratorf.cpp
R ./rcs3.txt rcs3.txt
R ./outa outa
R ./tx.cpp tx.cpp
R ./f.txt f.txt
R ./cla.cpp cla.cpp
R ./no_push() on end recursive_directory_iteratormd5_sample no_push() on end recursive_directory_iteratormd5_sample
R ./2.txt 2.txt
R ./.frcsc .frcsc
R ./%dinit.cpp %dinit.cpp
R ./a a
R ./1.txt 1.txt
R ./mm mm
R ./frcsmmm frcsmmm
R ./ora.out ora.out
R ./x.cpp x.cpp
R ./o_push() on end recursive_directory_iteratorc.patch o_push() on end recursive_directory_iteratorc.patch
R ./add.cpp.orig add.cpp.orig
R ./md5_sample md5_sample
R ./c.patch c.patch
R ./s.frcs s.frcs
R ./f.cpp f.cpp
R ./g.txt g.txt
R ./c.cpp c.cpp
